libary/ThirdLibary/matisse/build/outputs/logs/manifest-merger-debug-report.txt
-- Merging decision tree log ---
manifest
ADDED from src/main/AndroidManifest.xml:17:1-29:12
INJECTED from src/main/AndroidManifest.xml:17:1-29:12
INJECTED from src/main/AndroidManifest.xml:17:1-29:12
	package
		ADDED from src/main/AndroidManifest.xml:19:5-32
		INJECTED from src/main/AndroidManifest.xml
		INJECTED from src/main/AndroidManifest.xml
	xmlns:android
		ADDED from src/main/AndroidManifest.xml:18:5-63
uses-permission#android.permission.WRITE_EXTERNAL_STORAGE
ADDED from src/main/AndroidManifest.xml:21:5-80
	android:name
		ADDED from src/main/AndroidManifest.xml:21:22-78
uses-permission#android.permission.READ_EXTERNAL_STORAGE
ADDED from src/main/AndroidManifest.xml:22:5-79
	android:name
		ADDED from src/main/AndroidManifest.xml:22:22-77
application
ADDED from src/main/AndroidManifest.xml:24:5-28:19
activity#com.zhihu.matisse.ui.MatisseActivity
ADDED from src/main/AndroidManifest.xml:25:9-72
	android:name
		ADDED from src/main/AndroidManifest.xml:25:19-70
activity#com.zhihu.matisse.internal.ui.AlbumPreviewActivity
ADDED from src/main/AndroidManifest.xml:26:9-86
	android:name
		ADDED from src/main/AndroidManifest.xml:26:19-84
activity#com.zhihu.matisse.internal.ui.SelectedPreviewActivity
ADDED from src/main/AndroidManifest.xml:27:9-89
	android:name
		ADDED from src/main/AndroidManifest.xml:27:19-87
uses-sdk
INJECTED from src/main/AndroidManifest.xml reason: use-sdk injection requested
INJECTED from src/main/AndroidManifest.xml
INJECTED from src/main/AndroidManifest.xml
INJECTED from src/main/AndroidManifest.xml
INJECTED from src/main/AndroidManifest.xml
	android:targetSdkVersion
		INJECTED from src/main/AndroidManifest.xml
		ADDED from src/main/AndroidManifest.xml
		INJECTED from src/main/AndroidManifest.xml
	android:minSdkVersion
		INJECTED from src/main/AndroidManifest.xml
		ADDED from src/main/AndroidManifest.xml
		INJECTED from src/main/AndroidManifest.xml